------------ Options -------------
batch_size: 1024
d_ff: 64
d_model: 32
data_path: ./processed_dataset
dataset: AD
dropout: 0.1
e_layers: 4
input_c: 1
k: 0
lr: 0.001
mode: scratch
model_save_path: checkpoints
n_heads: 4
num_epochs: 100
output_c: 1
win_size: 84
-------------- End ----------------
======================TRAIN MODE======================
	speed: 0.2382s/iter; left time: 20461.4133s
	speed: 0.2234s/iter; left time: 19171.0638s
	speed: 0.2277s/iter; left time: 19516.5855s
	speed: 0.2232s/iter; left time: 19103.7616s
	speed: 0.2225s/iter; left time: 19025.5004s
	speed: 0.2241s/iter; left time: 19137.8908s
	speed: 0.2256s/iter; left time: 19246.2726s
	speed: 0.2239s/iter; left time: 19077.6919s
Epoch: 1 cost time: 195.14734482765198
Epoch: 1, Steps: 860 | Train Loss: 4067.6144100 Vali Loss: 2954.4922762 
Validation loss decreased (inf --> 2954.492276).  Saving model ...
	speed: 0.6738s/iter; left time: 57300.9537s
	speed: 0.2261s/iter; left time: 19202.0320s
	speed: 0.2235s/iter; left time: 18961.7753s
	speed: 0.2233s/iter; left time: 18922.3646s
	speed: 0.2234s/iter; left time: 18904.8997s
	speed: 0.2231s/iter; left time: 18863.2773s
	speed: 0.2231s/iter; left time: 18838.5324s
	speed: 0.2229s/iter; left time: 18799.3901s
Epoch: 2 cost time: 192.25764727592468
Epoch: 2, Steps: 860 | Train Loss: 2153.1200319 Vali Loss: 1553.3638715 
Validation loss decreased (2954.492276 --> 1553.363871).  Saving model ...
	speed: 0.6636s/iter; left time: 55859.0175s
	speed: 0.2231s/iter; left time: 18761.8268s
	speed: 0.2228s/iter; left time: 18714.5192s
