------------ Options -------------
anormly_ratio: 0.5
batch_size: 256
data_path: ./processed_dataset
dataset: AD
input_c: 1
k: 3
lr: 0.0001
mode: train
model_save_path: checkpoints
num_epochs: 10
output_c: 1
pretrained_model: None
win_size: 84
-------------- End ----------------
======================TRAIN MODE======================
	speed: 0.3174s/iter; left time: 10886.5994s
	speed: 0.2554s/iter; left time: 8734.5093s
	speed: 0.2486s/iter; left time: 8476.5107s
	speed: 0.2739s/iter; left time: 9313.1832s
	speed: 0.3478s/iter; left time: 11791.4867s
	speed: 0.3519s/iter; left time: 11894.2114s
	speed: 0.3615s/iter; left time: 12183.2448s
	speed: 0.3522s/iter; left time: 11833.0538s
	speed: 0.3525s/iter; left time: 11807.5204s
	speed: 0.3440s/iter; left time: 11491.0853s
	speed: 0.3399s/iter; left time: 11319.2182s
	speed: 0.3352s/iter; left time: 11129.9905s
	speed: 0.3003s/iter; left time: 9938.7903s
	speed: 0.2960s/iter; left time: 9768.6021s
	speed: 0.2713s/iter; left time: 8925.9003s
	speed: 0.3324s/iter; left time: 10902.3991s
	speed: 0.3478s/iter; left time: 11373.8214s
	speed: 0.3464s/iter; left time: 11291.3568s
	speed: 0.2780s/iter; left time: 9036.2129s
	speed: 0.3398s/iter; left time: 11010.1559s
	speed: 0.2995s/iter; left time: 9673.5186s
	speed: 0.3199s/iter; left time: 10302.2545s
	speed: 0.3189s/iter; left time: 10235.9589s
	speed: 0.3285s/iter; left time: 10510.9120s
	speed: 0.3325s/iter; left time: 10607.6513s
	speed: 0.3240s/iter; left time: 10303.8397s
	speed: 0.3078s/iter; left time: 9756.5890s
	speed: 0.3152s/iter; left time: 9959.5878s
	speed: 0.3458s/iter; left time: 10892.6916s
	speed: 0.3480s/iter; left time: 10926.8899s
	speed: 0.3454s/iter; left time: 10812.6381s
	speed: 0.3424s/iter; left time: 10684.3214s
	speed: 0.3487s/iter; left time: 10843.5771s
	speed: 0.3184s/iter; left time: 9869.4207s
Epoch: 1 cost time: 1111.87415599823
Epoch: 1, Steps: 3440 | Train Loss: 2879.7692701 Vali Loss: 800.6146588 
Validation loss decreased (inf --> 800.614659).  Saving model ...
Updating learning rate to 0.0001
	speed: 1.4521s/iter; left time: 44813.8921s
	speed: 0.2099s/iter; left time: 6457.7747s
	speed: 0.2783s/iter; left time: 8532.0748s
	speed: 0.2810s/iter; left time: 8588.5516s
	speed: 0.2810s/iter; left time: 8559.7918s
	speed: 0.2789s/iter; left time: 8468.2786s
	speed: 0.2310s/iter; left time: 6991.0260s
	speed: 0.1742s/iter; left time: 5253.5541s
	speed: 0.1770s/iter; left time: 5319.5760s
	speed: 0.1869s/iter; left time: 5600.4980s
	speed: 0.1818s/iter; left time: 5428.3717s
	speed: 0.2257s/iter; left time: 6717.8887s
	speed: 0.2824s/iter; left time: 8377.5798s
	speed: 0.2773s/iter; left time: 8196.3289s
	speed: 0.2799s/iter; left time: 8245.7333s
	speed: 0.2826s/iter; left time: 8298.0252s
	speed: 0.2815s/iter; left time: 8237.1832s
	speed: 0.2731s/iter; left time: 7965.0626s
	speed: 0.2813s/iter; left time: 8175.5119s
	speed: 0.2821s/iter; left time: 8170.3380s
	speed: 0.2507s/iter; left time: 7234.1627s
	speed: 0.2516s/iter; left time: 7235.6951s
	speed: 0.2810s/iter; left time: 8052.9740s
	speed: 0.2565s/iter; left time: 7325.6427s
	speed: 0.2226s/iter; left time: 6335.4663s
	speed: 0.2616s/iter; left time: 7418.0072s
	speed: 0.2812s/iter; left time: 7946.9439s
	speed: 0.2803s/iter; left time: 7892.5216s
	speed: 0.2796s/iter; left time: 7846.5909s
	speed: 0.2824s/iter; left time: 7896.2947s
	speed: 0.2037s/iter; left time: 5674.3734s
	speed: 0.1958s/iter; left time: 5434.5374s
	speed: 0.2675s/iter; left time: 7398.2677s
	speed: 0.2815s/iter; left time: 7759.0598s
Epoch: 2 cost time: 865.0060586929321
Epoch: 2, Steps: 3440 | Train Loss: 640.2974179 Vali Loss: 154.7697106 
Validation loss decreased (800.614659 --> 154.769711).  Saving model ...
Updating learning rate to 5e-05
	speed: 1.4297s/iter; left time: 39202.4501s
	speed: 0.2330s/iter; left time: 6366.1750s
	speed: 0.2440s/iter; left time: 6641.0900s
	speed: 0.2820s/iter; left time: 7647.7679s
	speed: 0.2457s/iter; left time: 6639.0769s
	speed: 0.1714s/iter; left time: 4613.3114s
	speed: 0.1818s/iter; left time: 4875.4260s
	speed: 0.2645s/iter; left time: 7067.5291s
	speed: 0.2263s/iter; left time: 6024.0954s
	speed: 0.2319s/iter; left time: 6149.0926s
	speed: 0.2732s/iter; left time: 7217.5997s
	speed: 0.2777s/iter; left time: 7310.1225s
	speed: 0.2260s/iter; left time: 5925.4268s
	speed: 0.2082s/iter; left time: 5437.9602s
	speed: 0.2442s/iter; left time: 6355.2322s
	speed: 0.2811s/iter; left time: 7286.8113s
	speed: 0.2501s/iter; left time: 6458.4536s
	speed: 0.2549s/iter; left time: 6556.5925s
	speed: 0.2245s/iter; left time: 5751.4450s
	speed: 0.2782s/iter; left time: 7099.4930s
	speed: 0.2807s/iter; left time: 7136.2725s
	speed: 0.2114s/iter; left time: 5353.8467s
	speed: 0.1682s/iter; left time: 4241.7548s
	speed: 0.1741s/iter; left time: 4374.7011s
	speed: 0.1704s/iter; left time: 4262.5155s
	speed: 0.2103s/iter; left time: 5239.6476s
	speed: 0.2647s/iter; left time: 6569.2593s
	speed: 0.2825s/iter; left time: 6984.1525s
	speed: 0.2234s/iter; left time: 5499.1317s
	speed: 0.2175s/iter; left time: 5333.4952s
	speed: 0.1725s/iter; left time: 4213.6677s
	speed: 0.1745s/iter; left time: 4244.7655s
	speed: 0.1701s/iter; left time: 4119.8853s
	speed: 0.2707s/iter; left time: 6528.8597s
Epoch: 3 cost time: 789.014500617981
Epoch: 3, Steps: 3440 | Train Loss: 170.6175293 Vali Loss: 32.0045732 
Validation loss decreased (154.769711 --> 32.004573).  Saving model ...
Updating learning rate to 2.5e-05
	speed: 1.6642s/iter; left time: 39909.1090s
	speed: 0.1888s/iter; left time: 4509.8016s
	speed: 0.2826s/iter; left time: 6720.9052s
	speed: 0.2716s/iter; left time: 6431.8714s
	speed: 0.2833s/iter; left time: 6680.7285s
	speed: 0.2586s/iter; left time: 6073.1350s
	speed: 0.2834s/iter; left time: 6627.1054s
	speed: 0.2818s/iter; left time: 6560.1975s
	speed: 0.2832s/iter; left time: 6565.9262s
	speed: 0.2843s/iter; left time: 6562.5355s
	speed: 0.2818s/iter; left time: 6475.0031s
	speed: 0.2406s/iter; left time: 5504.6393s
	speed: 0.1663s/iter; left time: 3787.5183s
	speed: 0.1698s/iter; left time: 3850.9806s
	speed: 0.1700s/iter; left time: 3837.7042s
	speed: 0.1697s/iter; left time: 3815.7091s
	speed: 0.2312s/iter; left time: 5173.4413s
	speed: 0.2301s/iter; left time: 5126.7456s
	speed: 0.2282s/iter; left time: 5061.5220s
	speed: 0.2700s/iter; left time: 5962.8605s
	speed: 0.1477s/iter; left time: 3247.2350s
	speed: 0.1501s/iter; left time: 3285.1644s
	speed: 0.1488s/iter; left time: 3241.0055s
	speed: 0.1504s/iter; left time: 3260.9529s
	speed: 0.1515s/iter; left time: 3268.7316s
	speed: 0.1511s/iter; left time: 3246.7755s
	speed: 0.1502s/iter; left time: 3210.7152s
	speed: 0.1506s/iter; left time: 3205.7558s
	speed: 0.1524s/iter; left time: 3227.9478s
	speed: 0.1502s/iter; left time: 3166.5767s
	speed: 0.1502s/iter; left time: 3150.6885s
	speed: 0.1530s/iter; left time: 3195.4114s
	speed: 0.1516s/iter; left time: 3150.0987s
	speed: 0.1515s/iter; left time: 3132.1728s
Epoch: 4 cost time: 701.0349955558777
Epoch: 4, Steps: 3440 | Train Loss: 57.2990488 Vali Loss: -15.7489492 
Validation loss decreased (32.004573 --> -15.748949).  Saving model ...
Updating learning rate to 1.25e-05
	speed: 1.4786s/iter; left time: 30372.2308s
	speed: 0.2832s/iter; left time: 5789.7735s
	speed: 0.2832s/iter; left time: 5761.1567s
	speed: 0.2827s/iter; left time: 5722.2658s
	speed: 0.2826s/iter; left time: 5691.3639s
	speed: 0.2841s/iter; left time: 5693.4451s
	speed: 0.2452s/iter; left time: 4889.0682s
	speed: 0.2354s/iter; left time: 4670.7677s
	speed: 0.2233s/iter; left time: 4408.5298s
	speed: 0.1696s/iter; left time: 3330.5324s
	speed: 0.1816s/iter; left time: 3549.4093s
	speed: 0.2667s/iter; left time: 5185.2737s
	speed: 0.2828s/iter; left time: 5468.8115s
	speed: 0.2832s/iter; left time: 5448.7228s
	speed: 0.2666s/iter; left time: 5103.3503s
	speed: 0.2813s/iter; left time: 5356.2276s
	speed: 0.2549s/iter; left time: 4827.7105s
	speed: 0.2026s/iter; left time: 3817.0356s
	speed: 0.1867s/iter; left time: 3498.7067s
	speed: 0.1700s/iter; left time: 3168.0405s
	speed: 0.1646s/iter; left time: 3052.6490s
	speed: 0.1973s/iter; left time: 3637.6894s
	speed: 0.2482s/iter; left time: 4552.9115s
	speed: 0.2648s/iter; left time: 4830.1809s
	speed: 0.2669s/iter; left time: 4842.4229s
	speed: 0.2816s/iter; left time: 5080.4708s
	speed: 0.2848s/iter; left time: 5109.8626s
	speed: 0.2805s/iter; left time: 5004.6698s
	speed: 0.2267s/iter; left time: 4022.6251s
	speed: 0.2295s/iter; left time: 4049.1110s
	speed: 0.2847s/iter; left time: 4993.5590s
	speed: 0.2612s/iter; left time: 4555.1332s
	speed: 0.2329s/iter; left time: 4038.3742s
	speed: 0.2641s/iter; left time: 4553.9761s
Epoch: 5 cost time: 853.059173822403
Epoch: 5, Steps: 3440 | Train Loss: 19.4390961 Vali Loss: -27.5219775 
Validation loss decreased (-15.748949 --> -27.521978).  Saving model ...
Updating learning rate to 6.25e-06
	speed: 1.3291s/iter; left time: 22729.3839s
	speed: 0.1678s/iter; left time: 2852.5616s
	speed: 0.1638s/iter; left time: 2768.5416s
	speed: 0.1696s/iter; left time: 2848.6826s
	speed: 0.1872s/iter; left time: 3126.6015s
	speed: 0.2094s/iter; left time: 3476.7895s
	speed: 0.2438s/iter; left time: 4023.6334s
	speed: 0.2093s/iter; left time: 3432.6834s
	speed: 0.2818s/iter; left time: 4593.3712s
	speed: 0.2810s/iter; left time: 4552.1106s
	speed: 0.2843s/iter; left time: 4577.1783s
	speed: 0.2578s/iter; left time: 4125.5771s
	speed: 0.2838s/iter; left time: 4512.6659s
	speed: 0.2764s/iter; left time: 4367.1877s
	speed: 0.2375s/iter; left time: 3729.7480s
	speed: 0.2825s/iter; left time: 4406.5644s
	speed: 0.2439s/iter; left time: 3780.6636s
	speed: 0.2215s/iter; left time: 3410.6758s
	speed: 0.2045s/iter; left time: 3129.6320s
	speed: 0.2767s/iter; left time: 4205.5656s
	speed: 0.2854s/iter; left time: 4309.9755s
	speed: 0.2794s/iter; left time: 4191.3131s
	speed: 0.2626s/iter; left time: 3912.3648s
	speed: 0.2767s/iter; left time: 4094.8471s
	speed: 0.2753s/iter; left time: 4047.2311s
	speed: 0.1890s/iter; left time: 2760.1872s
	speed: 0.2828s/iter; left time: 4100.8345s
	speed: 0.2656s/iter; left time: 3824.4838s
	speed: 0.1735s/iter; left time: 2481.0657s
	speed: 0.1909s/iter; left time: 2711.6199s
	speed: 0.2243s/iter; left time: 3162.3454s
	speed: 0.2821s/iter; left time: 3949.3098s
	speed: 0.1821s/iter; left time: 2530.9376s
	speed: 0.1826s/iter; left time: 2519.6204s
Epoch: 6 cost time: 807.8935532569885
Epoch: 6, Steps: 3440 | Train Loss: 4.5402353 Vali Loss: -31.6451193 
Validation loss decreased (-27.521978 --> -31.645119).  Saving model ...
Updating learning rate to 3.125e-06
	speed: 1.1503s/iter; left time: 15714.6598s
	speed: 0.2751s/iter; left time: 3730.6489s
	speed: 0.1992s/iter; left time: 2682.0897s
	speed: 0.1946s/iter; left time: 2600.0912s
	speed: 0.2345s/iter; left time: 3109.1802s
	speed: 0.2043s/iter; left time: 2688.7935s
	speed: 0.2605s/iter; left time: 3401.8390s
	speed: 0.2128s/iter; left time: 2758.7413s
	speed: 0.2144s/iter; left time: 2757.0628s
	speed: 0.2294s/iter; left time: 2927.9472s
	speed: 0.2649s/iter; left time: 3354.1374s
	speed: 0.2826s/iter; left time: 3549.9467s
	speed: 0.2504s/iter; left time: 3120.6299s
	speed: 0.2843s/iter; left time: 3513.8581s
	speed: 0.2836s/iter; left time: 3477.4907s
	speed: 0.2801s/iter; left time: 3406.7752s
	speed: 0.2819s/iter; left time: 3399.4800s
	speed: 0.2813s/iter; left time: 3364.8391s
	speed: 0.2832s/iter; left time: 3358.9291s
	speed: 0.2797s/iter; left time: 3289.4742s
	speed: 0.2418s/iter; left time: 2819.4712s
	speed: 0.2634s/iter; left time: 3045.3566s
	speed: 0.2818s/iter; left time: 3229.4670s
	speed: 0.2827s/iter; left time: 3212.1577s
	speed: 0.2351s/iter; left time: 2647.4545s
	speed: 0.1971s/iter; left time: 2199.5738s
	speed: 0.1885s/iter; left time: 2085.0369s
	speed: 0.1730s/iter; left time: 1896.4489s
	speed: 0.1821s/iter; left time: 1977.6769s
	speed: 0.2102s/iter; left time: 2262.2863s
	speed: 0.2408s/iter; left time: 2567.1797s
	speed: 0.2289s/iter; left time: 2417.2013s
	speed: 0.1670s/iter; left time: 1746.9819s
	speed: 0.2119s/iter; left time: 2195.3061s
Epoch: 7 cost time: 827.5206780433655
Epoch: 7, Steps: 3440 | Train Loss: -2.1220324 Vali Loss: -33.6762563 
Validation loss decreased (-31.645119 --> -33.676256).  Saving model ...
Updating learning rate to 1.5625e-06
	speed: 1.6711s/iter; left time: 17079.9765s
	speed: 0.2845s/iter; left time: 2878.9761s
	speed: 0.2822s/iter; left time: 2827.8751s
	speed: 0.2826s/iter; left time: 2803.9065s
	speed: 0.2035s/iter; left time: 1998.7592s
	speed: 0.1729s/iter; left time: 1681.0653s
	speed: 0.2740s/iter; left time: 2636.0131s
	speed: 0.2379s/iter; left time: 2265.1267s
	speed: 0.2015s/iter; left time: 1897.9827s
	speed: 0.2409s/iter; left time: 2245.0192s
	speed: 0.2830s/iter; left time: 2609.8089s
	speed: 0.2840s/iter; left time: 2590.0068s
	speed: 0.2824s/iter; left time: 2547.7297s
	speed: 0.2832s/iter; left time: 2526.6924s
	speed: 0.2842s/iter; left time: 2506.7526s
	speed: 0.1896s/iter; left time: 1653.8230s
	speed: 0.1808s/iter; left time: 1558.5902s
	speed: 0.2564s/iter; left time: 2184.5032s
	speed: 0.2751s/iter; left time: 2316.3211s
	speed: 0.2803s/iter; left time: 2332.4490s
	speed: 0.2104s/iter; left time: 1729.9040s
	speed: 0.2746s/iter; left time: 2229.7683s
	speed: 0.2773s/iter; left time: 2224.3883s
	speed: 0.2742s/iter; left time: 2172.1411s
	speed: 0.2631s/iter; left time: 2057.7217s
	speed: 0.2812s/iter; left time: 2171.3505s
	speed: 0.2834s/iter; left time: 2159.4446s
	speed: 0.2819s/iter; left time: 2119.8134s
	speed: 0.2825s/iter; left time: 2096.7621s
	speed: 0.2815s/iter; left time: 2060.5476s
	speed: 0.2822s/iter; left time: 2037.8423s
	speed: 0.1868s/iter; left time: 1330.1060s
	speed: 0.1700s/iter; left time: 1193.4163s
	speed: 0.1695s/iter; left time: 1173.2020s
Epoch: 8 cost time: 865.3425087928772
Epoch: 8, Steps: 3440 | Train Loss: -5.3717522 Vali Loss: -34.6596569 
Validation loss decreased (-33.676256 --> -34.659657).  Saving model ...
Updating learning rate to 7.8125e-07
	speed: 1.2117s/iter; left time: 8216.5027s
	speed: 0.1692s/iter; left time: 1130.2365s
	speed: 0.1692s/iter; left time: 1113.8136s
	speed: 0.1699s/iter; left time: 1100.9892s
	speed: 0.2019s/iter; left time: 1288.4601s
	speed: 0.2820s/iter; left time: 1771.2792s
	speed: 0.1966s/iter; left time: 1215.2068s
	speed: 0.1748s/iter; left time: 1063.0267s
	speed: 0.1792s/iter; left time: 1071.7271s
	speed: 0.2241s/iter; left time: 1317.8190s
	speed: 0.1722s/iter; left time: 995.5473s
	speed: 0.1687s/iter; left time: 958.3170s
	speed: 0.1675s/iter; left time: 934.8512s
	speed: 0.1750s/iter; left time: 959.4076s
	speed: 0.2362s/iter; left time: 1271.0771s
	speed: 0.2334s/iter; left time: 1232.6917s
	speed: 0.2131s/iter; left time: 1104.1552s
	speed: 0.1850s/iter; left time: 940.0249s
	speed: 0.1512s/iter; left time: 753.1873s
	speed: 0.1495s/iter; left time: 729.8992s
	speed: 0.1498s/iter; left time: 716.2229s
	speed: 0.1510s/iter; left time: 706.8474s
	speed: 0.1514s/iter; left time: 693.5830s
	speed: 0.1506s/iter; left time: 674.6858s
	speed: 0.1503s/iter; left time: 658.6677s
	speed: 0.1512s/iter; left time: 647.1483s
	speed: 0.1505s/iter; left time: 629.1998s
	speed: 0.1517s/iter; left time: 619.2088s
	speed: 0.1512s/iter; left time: 601.9877s
	speed: 0.1513s/iter; left time: 587.2171s
	speed: 0.1514s/iter; left time: 572.4150s
	speed: 0.1587s/iter; left time: 584.0528s
	speed: 0.1720s/iter; left time: 615.8260s
	speed: 0.1792s/iter; left time: 623.8508s
Epoch: 9 cost time: 604.8926076889038
Epoch: 9, Steps: 3440 | Train Loss: -6.9922452 Vali Loss: -35.1206970 
Validation loss decreased (-34.659657 --> -35.120697).  Saving model ...
Updating learning rate to 3.90625e-07
	speed: 1.4974s/iter; left time: 5002.9299s
	speed: 0.2568s/iter; left time: 832.2098s
	speed: 0.2342s/iter; left time: 735.6674s
	speed: 0.1715s/iter; left time: 521.4555s
	speed: 0.1700s/iter; left time: 500.0158s
	speed: 0.2392s/iter; left time: 679.6628s
	speed: 0.2353s/iter; left time: 644.8914s
	speed: 0.1678s/iter; left time: 443.0759s
	speed: 0.1697s/iter; left time: 431.1464s
	speed: 0.1869s/iter; left time: 456.2095s
	speed: 0.2149s/iter; left time: 503.1808s
	speed: 0.1729s/iter; left time: 387.5712s
	speed: 0.1772s/iter; left time: 379.4316s
	speed: 0.1916s/iter; left time: 391.0179s
	speed: 0.2494s/iter; left time: 484.0146s
	speed: 0.2506s/iter; left time: 461.2884s
	speed: 0.1785s/iter; left time: 310.7563s
	speed: 0.1642s/iter; left time: 269.4732s
	speed: 0.1735s/iter; left time: 267.4020s
	speed: 0.1836s/iter; left time: 264.5111s
	speed: 0.2454s/iter; left time: 329.0455s
	speed: 0.1699s/iter; left time: 210.7959s
	speed: 0.1797s/iter; left time: 205.0229s
	speed: 0.1767s/iter; left time: 183.9575s
	speed: 0.1688s/iter; left time: 158.8640s
	speed: 0.1688s/iter; left time: 141.9766s
	speed: 0.1810s/iter; left time: 134.1048s
	speed: 0.1969s/iter; left time: 126.2406s
	speed: 0.1836s/iter; left time: 99.3353s
	speed: 0.1815s/iter; left time: 80.0552s
	speed: 0.1698s/iter; left time: 57.8991s
	speed: 0.1876s/iter; left time: 45.2148s
	speed: 0.2134s/iter; left time: 30.0864s
	speed: 0.2112s/iter; left time: 8.6598s
Epoch: 10 cost time: 669.5159394741058
Epoch: 10, Steps: 3440 | Train Loss: -7.8035162 Vali Loss: -35.3682195 
Validation loss decreased (-35.120697 --> -35.368219).  Saving model ...
Updating learning rate to 1.953125e-07
